[17:49:51] [main/INFO] (FabricLoader/GameProvider) Loading Minecraft 1.19.2 with Fabric Loader 0.16.5
[17:49:52] [main/INFO] (FabricLoader) Loading 51 mods:
	- fabric-api 0.77.0+1.19.2
	- fabric-api-base 0.4.15+8f4e8eb390
	- fabric-api-lookup-api-v1 1.6.14+93d8cb8290
	- fabric-biome-api-v1 9.1.1+16f1e31390
	- fabric-block-api-v1 1.0.2+e415d50e90
	- fabric-blockrenderlayer-v1 1.1.25+cafc6e8e90
	- fabric-client-tags-api-v1 1.0.5+b35fea8390
	- fabric-command-api-v2 2.2.1+413cbbc790
	- fabric-content-registries-v0 3.5.2+7c6cd14d90
	- fabric-convention-tags-v1 1.3.0+4bc6e26290
	- fabric-crash-report-info-v1 0.2.8+aeb40ebe90
	- fabric-data-generation-api-v1 5.3.9+413cbbc790
	- fabric-dimensions-v1 2.1.35+0d0f210290
	- fabric-entity-events-v1 1.5.4+9244241690
	- fabric-events-interaction-v0 0.4.34+562bff6e90
	- fabric-game-rule-api-v1 1.0.24+b6b6abb490
	- fabric-gametest-api-v1 1.1.8+4d0d570390
	- fabric-item-api-v1 1.6.6+b7d1888890
	- fabric-item-groups-v0 0.3.39+9244241690
	- fabric-key-binding-api-v1 1.0.25+5c4fce2890
	- fabric-language-kotlin 1.12.2+kotlin.2.0.20
	- fabric-lifecycle-events-v1 2.2.4+1b46dc7890
	- fabric-loot-api-v2 1.1.13+83a8659290
	- fabric-message-api-v1 5.0.7+93d8cb8290
	- fabric-mining-level-api-v1 2.1.24+33fbc73890
	- fabric-models-v0 0.3.21+c6af733c90
	- fabric-networking-api-v1 1.2.12+def3f86d90
	- fabric-object-builder-api-v1 4.2.2+d8ef690890
	- fabric-particles-v1 1.1.0+ee641e7390
	- fabric-recipe-api-v1 1.0.2+413cbbc790
	- fabric-registry-sync-v0 0.9.33+9244241690
	- fabric-renderer-api-v1 1.2.1+1adbf27790
	- fabric-renderer-indigo 0.8.0+1adbf27790
	- fabric-rendering-data-attachment-v1 0.3.19+6e0787e690
	- fabric-rendering-fluids-v1 3.0.11+4d0d570390
	- fabric-rendering-v1 1.13.0+526f2c6790
	- fabric-resource-conditions-api-v1 2.1.2+aae9039d90
	- fabric-resource-loader-v0 0.8.4+edbdcddb90
	- fabric-screen-api-v1 1.0.32+4d0d570390
	- fabric-screen-handler-api-v1 1.3.8+1cc24b1b90
	- fabric-sound-api-v1 1.0.2+c4f28df590
	- fabric-textures-v0 1.0.24+aeb40ebe90
	- fabric-transfer-api-v1 2.1.6+413cbbc790
	- fabric-transitive-access-wideners-v1 1.3.3+08b73de490
	- fabricloader 0.16.5
	- hollowcore 2.0.12
	- java 17
	- minecraft 1.19.2
	- mixinextras 0.4.1
	- modmenu 4.2.0-beta.2
	- mysticrealms 1
[17:49:59] [main/INFO] (FabricLoader/Mixin) SpongePowered MIXIN Subsystem Version=0.8.7 Source=file:/C:/Users/Maxim/.gradle/caches/modules-2/files-2.1/net.fabricmc/sponge-mixin/0.15.3+mixin.0.8.7/51ee0a44ab05f6fddd66b09e66b3a16904f9c55d/sponge-mixin-0.15.3+mixin.0.8.7.jar Service=Knot/Fabric Env=CLIENT
[17:50:00] [main/INFO] (FabricLoader/Mixin) Loaded Fabric development mappings for mixin remapper!
[17:50:00] [main/INFO] (FabricLoader/Mixin) Compatibility level set to JAVA_16
[17:50:00] [main/INFO] (FabricLoader/Mixin) Compatibility level set to JAVA_17
[17:50:02] [main/INFO] (FabricLoader/MixinExtras|Service) Initializing MixinExtras via com.llamalad7.mixinextras.service.MixinExtrasServiceImpl(version=0.4.1).
[17:50:05] [main/WARN] (PerfDataUtil) Failed to add PDH Counter: \Paging File(_Total)\% Usage, Error code: 0xC0000BB8
[17:50:05] [main/WARN] (PerfCounterQueryHandler) Failed to add counter for PDH counter: \Paging File(_Total)\% Usage
[17:50:05] [main/WARN] (PerfCounterQuery) Disabling further attempts to query Paging File.
[17:50:27] [main/WARN] (WmiQueryHandler) COM exception: Invalid Query: SELECT PERCENTUSAGE FROM Win32_PerfRawData_PerfOS_PagingFile
[17:50:33] [main/INFO] (Minecraft) Building optimized datafixer
[17:50:44] [Render thread/INFO] (Minecraft) Environment: authHost='https://authserver.mojang.com', accountsHost='https://api.mojang.com', sessionHost='https://sessionserver.mojang.com', servicesHost='https://api.minecraftservices.com', name='PROD'
[17:50:46] [Render thread/ERROR] (Minecraft) Failed to verify authentication
com.mojang.authlib.exceptions.InvalidCredentialsException: Status: 401
	at com.mojang.authlib.exceptions.MinecraftClientHttpException.toAuthenticationException(MinecraftClientHttpException.java:56) ~[authlib-3.11.49.jar:?]
	at com.mojang.authlib.yggdrasil.YggdrasilUserApiService.fetchProperties(YggdrasilUserApiService.java:155) ~[authlib-3.11.49.jar:?]
	at com.mojang.authlib.yggdrasil.YggdrasilUserApiService.<init>(YggdrasilUserApiService.java:55) ~[authlib-3.11.49.jar:?]
	at com.mojang.authlib.yggdrasil.YggdrasilAuthenticationService.createUserApiService(YggdrasilAuthenticationService.java:161) ~[authlib-3.11.49.jar:?]
	at net.minecraft.client.Minecraft.createUserApiService(Minecraft.java:711) [minecraft-clientOnly-2c60f55561-1.19.2-loom.mappings.1_19_2.layered+hash.2198-v2.jar:?]
	at net.minecraft.client.Minecraft.<init>(Minecraft.java:431) [minecraft-clientOnly-2c60f55561-1.19.2-loom.mappings.1_19_2.layered+hash.2198-v2.jar:?]
	at net.minecraft.client.main.Main.run(Main.java:205) [minecraft-clientOnly-2c60f55561-1.19.2-loom.mappings.1_19_2.layered+hash.2198-v2.jar:?]
	at net.minecraft.client.main.Main.main(Main.java:51) [minecraft-clientOnly-2c60f55561-1.19.2-loom.mappings.1_19_2.layered+hash.2198-v2.jar:?]
	at net.fabricmc.loader.impl.game.minecraft.MinecraftGameProvider.launch(MinecraftGameProvider.java:480) [fabric-loader-0.16.5.jar:?]
	at net.fabricmc.loader.impl.launch.knot.Knot.launch(Knot.java:74) [fabric-loader-0.16.5.jar:?]
	at net.fabricmc.loader.impl.launch.knot.KnotClient.main(KnotClient.java:23) [fabric-loader-0.16.5.jar:?]
	at net.fabricmc.devlaunchinjector.Main.main(Main.java:86) [dev-launch-injector-0.2.1+build.8.jar:?]
Caused by: com.mojang.authlib.exceptions.MinecraftClientHttpException: Status: 401
	at com.mojang.authlib.minecraft.client.MinecraftClient.readInputStream(MinecraftClient.java:85) ~[authlib-3.11.49.jar:?]
	at com.mojang.authlib.minecraft.client.MinecraftClient.get(MinecraftClient.java:48) ~[authlib-3.11.49.jar:?]
	at com.mojang.authlib.yggdrasil.YggdrasilUserApiService.fetchProperties(YggdrasilUserApiService.java:129) ~[authlib-3.11.49.jar:?]
	... 10 more
[17:50:46] [Render thread/INFO] (Minecraft) Setting user: Player360
[17:50:58] [Render thread/INFO] (HollowCore) Loading config: hollowcore.toml
[17:51:04] [Render thread/ERROR] (Minecraft) No data fixer registered for test_entity
[17:51:04] [Render thread/INFO] (HollowCore) Registering initializer: BlockRegistry
[17:51:04] [Render thread/INFO] (HollowCore) Registering initializer: ItemRegistry
[17:51:04] [Render thread/INFO] (HollowCore) Registering initializer: ModEntities
[17:51:04] [Render thread/INFO] (HollowCore) Registering initializer: ModItems
[17:51:04] [Render thread/INFO] (HollowCore) Registering initializer: ModMenus
[17:51:05] [Worker-Main-24/INFO] (Mod Menu/Update Checker) Checking mod updates...
[17:51:06] [Render thread/INFO] (Indigo) [Indigo] Registering Indigo renderer!
[17:51:10] [Render thread/INFO] (Minecraft) Backend library: LWJGL version 3.3.1 SNAPSHOT
[17:51:12] [Worker-Bootstrap-19/INFO] (Minecraft) 4283 Datafixer optimizations took 39528 milliseconds
[17:51:12] [Render thread/INFO] (HollowCore) HollowPack registered!
[17:51:13] [Worker-Main-25/ERROR] (Minecraft) Failed to retrieve profile key pair
java.io.IOException: Could not retrieve profile key pair
	at net.minecraft.client.multiplayer.ProfileKeyPairManager.fetchProfileKeyPair(ProfileKeyPairManager.java:130) ~[minecraft-clientOnly-2c60f55561-1.19.2-loom.mappings.1_19_2.layered+hash.2198-v2.jar:?]
	at net.minecraft.client.multiplayer.ProfileKeyPairManager.method_44291(ProfileKeyPairManager.java:69) ~[minecraft-clientOnly-2c60f55561-1.19.2-loom.mappings.1_19_2.layered+hash.2198-v2.jar:?]
	at java.util.concurrent.CompletableFuture$AsyncSupply.run(CompletableFuture.java:1768) [?:?]
	at java.util.concurrent.CompletableFuture$AsyncSupply.exec(CompletableFuture.java:1760) [?:?]
	at java.util.concurrent.ForkJoinTask.doExec(ForkJoinTask.java:373) [?:?]
	at java.util.concurrent.ForkJoinPool$WorkQueue.topLevelExec(ForkJoinPool.java:1182) [?:?]
	at java.util.concurrent.ForkJoinPool.scan(ForkJoinPool.java:1655) [?:?]
	at java.util.concurrent.ForkJoinPool.runWorker(ForkJoinPool.java:1622) [?:?]
	at java.util.concurrent.ForkJoinWorkerThread.run(ForkJoinWorkerThread.java:165) [?:?]
[17:51:14] [Render thread/INFO] (Minecraft) Reloading ResourceManager: Default, Fabric Mods (Fabric Object Builder API (v1), Fabric API, Fabric Convention Tags, Fabric Screen API (v1), Fabric Crash Report Info (v1), Mod Menu, Fabric Rendering Fluids (v1), Fabric Content Registries (v0), Fabric Dimensions API (v1), Fabric Textures (v0), Fabric Recipe API (v1), Fabric Command API (v2), Fabric Game Rule API (v1), Fabric Registry Sync (v0), Fabric Screen Handler API (v1), Fabric BlockRenderLayer Registration (v1), Fabric Lifecycle Events (v1), Fabric Sound API (v1), Fabric Loader, Fabric Renderer API (v1), Fabric Transfer API (v1), HollowCore, Fabric Key Binding API (v1), Fabric Events Interaction (v0), Fabric Client Tags, Fabric Mining Level API (v1), Fabric Resource Loader (v0), Fabric Loot API (v2), Fabric Renderer - Indigo, Fabric Entity Events (v1), Fabric Language Kotlin, Fabric Block API (v1), Fabric Particles (v1), Fabric Data Generation API (v1), Fabric Biome API (v1), Fabric Message API (v1), Fabric Networking API (v1), Fabric Rendering (v1), Fabric API Lookup API (v1), Fabric Resource Conditions API (v1), Fabric Models (v0), Fabric Item API (v1), MysticRealms, Fabric Rendering Data Attachment (v1), Fabric API Base, Fabric Transitive Access Wideners (v1), Fabric Game Test API (v1), Fabric Item Groups (v0)), HollowCore Resources
[17:51:14] [Realms Notification Availability checker #1/INFO] (Minecraft) Could not authorize you against Realms server: Invalid session id
[17:51:16] [Worker-Main-35/WARN] (Minecraft) Texture mysticrealms:block/deepslate_debilium_ore_top with size 1080x1080 limits mip level from 4 to 3
[17:51:16] [Worker-Main-35/WARN] (Minecraft) minecraft:textures/atlas/blocks.png: dropping miplevel from 4 to 3, because of minimum power of two: 8
[17:51:16] [Render thread/WARN] (Minecraft) Missing sound for event: minecraft:item.goat_horn.play
[17:51:16] [Render thread/WARN] (Minecraft) Missing sound for event: minecraft:entity.goat.screaming.horn_break
[17:51:16] [Render thread/INFO] (Minecraft) OpenAL initialized on device OpenAL Soft on Динамики (USB Audio Device)
[17:51:16] [Render thread/INFO] (Minecraft) Sound engine started
[17:51:17] [Render thread/INFO] (Minecraft) Created: 4096x4096x3 minecraft:textures/atlas/blocks.png-atlas
[17:51:17] [Render thread/INFO] (Minecraft) Created: 256x128x4 minecraft:textures/atlas/signs.png-atlas
[17:51:17] [Render thread/INFO] (Minecraft) Created: 1024x512x4 minecraft:textures/atlas/banner_patterns.png-atlas
[17:51:17] [Render thread/INFO] (Minecraft) Created: 1024x512x4 minecraft:textures/atlas/shield_patterns.png-atlas
[17:51:17] [Render thread/INFO] (Minecraft) Created: 256x256x4 minecraft:textures/atlas/chest.png-atlas
[17:51:17] [Render thread/INFO] (Minecraft) Created: 512x256x4 minecraft:textures/atlas/beds.png-atlas
[17:51:17] [Render thread/INFO] (Minecraft) Created: 512x256x4 minecraft:textures/atlas/shulker_boxes.png-atlas
[17:51:18] [Render thread/WARN] (Minecraft) Shader rendertype_entity_translucent_emissive could not find sampler named Sampler2 in the specified shader program.
[17:51:18] [Render thread/INFO] (Minecraft) Created: 512x256x0 minecraft:textures/atlas/particles.png-atlas
[17:51:18] [Render thread/INFO] (Minecraft) Created: 256x256x0 minecraft:textures/atlas/paintings.png-atlas
[17:51:18] [Render thread/INFO] (Minecraft) Created: 256x128x0 minecraft:textures/atlas/mob_effects.png-atlas
[17:51:18] [Render thread/INFO] (HollowCore) Loaded 2 models in 437.170900ms
[17:51:27] [Render thread/INFO] (HollowCore) HollowPack registered!
[17:51:30] [Render thread/INFO] (Minecraft) Loaded 7 recipes
[17:51:31] [Render thread/INFO] (Minecraft) Loaded 1179 advancements
[17:51:31] [Render thread/INFO] (HollowCore) Loading config: hollowcore.toml
[17:51:32] [Worker-Main-25/ERROR] (Minecraft) Failed to retrieve profile key pair
java.io.IOException: Could not retrieve profile key pair
	at net.minecraft.client.multiplayer.ProfileKeyPairManager.fetchProfileKeyPair(ProfileKeyPairManager.java:130) ~[minecraft-clientOnly-2c60f55561-1.19.2-loom.mappings.1_19_2.layered+hash.2198-v2.jar:?]
	at net.minecraft.client.multiplayer.ProfileKeyPairManager.method_44291(ProfileKeyPairManager.java:69) ~[minecraft-clientOnly-2c60f55561-1.19.2-loom.mappings.1_19_2.layered+hash.2198-v2.jar:?]
	at java.util.concurrent.CompletableFuture$AsyncSupply.run(CompletableFuture.java:1768) [?:?]
	at java.util.concurrent.CompletableFuture$AsyncSupply.exec(CompletableFuture.java:1760) [?:?]
	at java.util.concurrent.ForkJoinTask.doExec(ForkJoinTask.java:373) [?:?]
	at java.util.concurrent.ForkJoinPool$WorkQueue.topLevelExec(ForkJoinPool.java:1182) [?:?]
	at java.util.concurrent.ForkJoinPool.scan(ForkJoinPool.java:1655) [?:?]
	at java.util.concurrent.ForkJoinPool.runWorker(ForkJoinPool.java:1622) [?:?]
	at java.util.concurrent.ForkJoinWorkerThread.run(ForkJoinWorkerThread.java:165) [?:?]
[17:51:33] [Render thread/INFO] (BiomeModificationImpl) Applied 0 biome modifications to 0 of 63 new biomes in 3.915 ms
[17:51:33] [Server thread/INFO] (Minecraft) Starting integrated minecraft server version 1.19.2
[17:51:33] [Server thread/INFO] (Minecraft) Generating keypair
[17:51:33] [Server thread/INFO] (Minecraft) Preparing start region for dimension minecraft:overworld
[17:51:37] [Render thread/INFO] (Minecraft) Подготовка области возрождения: 0%
[17:51:37] [Render thread/INFO] (Minecraft) Подготовка области возрождения: 0%
[17:51:37] [Render thread/INFO] (Minecraft) Подготовка области возрождения: 0%
[17:51:37] [Render thread/INFO] (Minecraft) Подготовка области возрождения: 0%
[17:51:37] [Render thread/INFO] (Minecraft) Подготовка области возрождения: 0%
[17:51:37] [Render thread/INFO] (Minecraft) Подготовка области возрождения: 0%
[17:51:37] [Render thread/INFO] (Minecraft) Подготовка области возрождения: 0%
[17:51:37] [Render thread/INFO] (Minecraft) Подготовка области возрождения: 0%
[17:51:37] [Render thread/INFO] (Minecraft) Подготовка области возрождения: 8%
[17:51:38] [Render thread/INFO] (Minecraft) Подготовка области возрождения: 42%
[17:51:38] [Render thread/INFO] (Minecraft) Подготовка области возрождения: 84%
[17:51:38] [Render thread/INFO] (Minecraft) Time elapsed: 5106 ms
[17:51:39] [Server thread/INFO] (Minecraft) Changing view distance to 12, from 10
[17:51:39] [Server thread/INFO] (Minecraft) Changing simulation distance to 12, from 0
[17:51:40] [Server thread/INFO] (NBTFormat) Default Serializer loaded!
[17:51:40] [Server thread/INFO] (Minecraft) Player360[local:E:7f08a9c8] logged in with entity id 201 at (-17.416005234715392, 68.0, -265.1249247746983)
[17:51:41] [Server thread/INFO] (Minecraft) Player360 присоединился к игре
[17:51:41] [Netty Local Client IO #0/WARN] (HollowCore) No player found in minecraft... How do you receive that CSyncEntityCapabilityPacket?
[17:51:41] [Netty Local Client IO #0/WARN] (HollowCore) No player found in minecraft... How do you receive that CSyncEntityCapabilityPacket?
[17:51:41] [Netty Local Client IO #0/WARN] (HollowCore) No player found in minecraft... How do you receive that CSyncEntityCapabilityPacket?
[17:51:42] [Render thread/INFO] (Minecraft) Loaded 0 advancements
[17:51:44] [Server thread/INFO] (Minecraft) Saving and pausing game...
[17:51:44] [Server thread/INFO] (Minecraft) Saving chunks for level 'ServerLevel[Новый мир]'/minecraft:overworld
[17:51:47] [Server thread/INFO] (Minecraft) Saving chunks for level 'ServerLevel[Новый мир]'/minecraft:the_nether
[17:51:47] [Server thread/INFO] (Minecraft) Saving chunks for level 'ServerLevel[Новый мир]'/minecraft:the_end
[17:51:47] [Server thread/WARN] (Minecraft) Can't keep up! Is the server overloaded? Running 3383ms or 67 ticks behind
[17:52:47] [Render thread/INFO] (Minecraft) Stopping!
[17:52:47] [Server thread/INFO] (Minecraft) Player360 lost connection: Отключение
[17:52:47] [Server thread/INFO] (Minecraft) Player360 покинул игру
[17:52:47] [Server thread/INFO] (Minecraft) Stopping singleplayer server as player logged out
[17:52:47] [Server thread/INFO] (Minecraft) Stopping server
[17:52:47] [Server thread/INFO] (Minecraft) Saving players
[17:52:47] [Server thread/INFO] (Minecraft) Saving worlds
[17:52:49] [Server thread/INFO] (Minecraft) Saving chunks for level 'ServerLevel[Новый мир]'/minecraft:overworld
[17:52:49] [Server thread/INFO] (Minecraft) Saving chunks for level 'ServerLevel[Новый мир]'/minecraft:the_nether
[17:52:49] [Server thread/INFO] (Minecraft) Saving chunks for level 'ServerLevel[Новый мир]'/minecraft:the_end
[17:52:49] [Server thread/INFO] (Minecraft) ThreadedAnvilChunkStorage (Новый мир): All chunks are saved
[17:52:49] [Server thread/INFO] (Minecraft) ThreadedAnvilChunkStorage (DIM-1): All chunks are saved
[17:52:49] [Server thread/INFO] (Minecraft) ThreadedAnvilChunkStorage (DIM1): All chunks are saved
[17:52:49] [Server thread/INFO] (Minecraft) ThreadedAnvilChunkStorage: All dimensions are saved
